PP circuit 0:
  Node 0: start=26026758145, end=26033038522
  Node 1: start=25961701180, end=25968448994
  Node 2: start=26026560384, end=26033038522
  Node 3: start=25958209517, end=25968448994
PP circuit 1:
  Node 0: start=26033039930, end=26033064473
  Node 1: start=25968450306, end=25968473218
  Node 2: start=26035103159, end=26035129239
  Node 3: start=25982719668, end=25982770068
PP circuit 2:
  Node 0: start=28340253679, end=29047985035
  Node 1: start=28329760852, end=29050653615
  Node 2: start=29027075494, end=29045087091
  Node 3: start=29023220686, end=29043454272
PP circuit 3:
  Node 0: start=30701582837, end=31336702543
  Node 1: start=30705723803, end=31338558972
  Node 2: start=31314392895, end=31329489621
  Node 3: start=31314496832, end=31327641905
PP circuit 4:
  Node 0: start=33365885797, end=33387836170
  Node 1: start=33380898366, end=33402341459
  Node 2: start=33290087625, end=33382873073
  Node 3: start=33288510003, end=33394151617
PP circuit 5:
  Node 0: start=35341936738, end=35374081219
  Node 1: start=35368268345, end=35389158072
  Node 2: start=35352154366, end=35366951671
  Node 3: start=35363578295, end=35378208205
PP circuit 6:
  Node 0: start=36594283555, end=39987958915
  Node 1: start=36614164888, end=39988577074
  Node 2: start=39973431023, end=39980807273
  Node 3: start=39969468086, end=39977472465
PP circuit 7:
  Node 0: start=45706580200, end=45717448016
  Node 1: start=45707212729, end=45716805083
  Node 2: start=44014874936, end=45713478035
  Node 3: start=44037932099, end=45709228635
PP circuit 8:
  Node 0: start=46452456540, end=48319032428
  Node 1: start=46460246156, end=48327607438
  Node 2: start=48297745195, end=48311891904
  Node 3: start=48302195036, end=48316467768
PP circuit 9:
  Node 0: start=50267971961, end=50299463498
  Node 1: start=50274150017, end=50307582921
  Node 2: start=50278298334, end=50292230422
  Node 3: start=50280012308, end=50296322119
PP circuit 10:
  Node 0: start=52250738711, end=52281480271
  Node 1: start=52256119136, end=52283772744
  Node 2: start=52258360532, end=52274062830
  Node 3: start=52256981910, end=52272600372
PP circuit 11:
  Node 0: start=53500406498, end=56959927240
  Node 1: start=53500933231, end=56957560577
  Node 2: start=56944590310, end=56952782819
  Node 3: start=56940563942, end=56946506980
PP circuit 12:
  Node 0: start=62039448678, end=62048709698
  Node 1: start=62039778926, end=62050269012
  Node 2: start=60433969968, end=62045498666
  Node 3: start=60430864176, end=62041434641
PP circuit 13:
  Node 0: start=62786585223, end=64645026730
  Node 1: start=62793220811, end=64649700448
  Node 2: start=64624463718, end=64637929727
  Node 3: start=64624660054, end=64638599477
PP circuit 14:
  Node 0: start=66594826219, end=66626352269
  Node 1: start=66606370785, end=66626544659
  Node 2: start=66603539013, end=66619057536
  Node 3: start=66600899585, end=66615452895
PP circuit 15:
  Node 0: start=68577514292, end=68606192285
  Node 1: start=68586927114, end=68604274781
  Node 2: start=68584331871, end=68599018013
  Node 3: start=68579100504, end=68593199636
PP circuit 16:
  Node 0: start=69822892378, end=73227512804
  Node 1: start=69824307149, end=73226652294
  Node 2: start=73213326971, end=73220402682
  Node 3: start=73209325029, end=73214932452
PP circuit 17:
  Node 0: start=78305141471, end=78315214519
  Node 1: start=78306569333, end=78316423070
  Node 2: start=76728153415, end=78312140315
  Node 3: start=76724229473, end=78308516967
PP circuit 18:
  Node 0: start=79051984831, end=80979870897
  Node 1: start=79054013804, end=80975646705
  Node 2: start=80958196510, end=80972746205
  Node 3: start=80952077402, end=80964701621
PP circuit 19:
  Node 0: start=82925692961, end=82956941821
  Node 1: start=82923720485, end=82953364619
  Node 2: start=82936425563, end=82949922422
  Node 3: start=82926050008, end=82942226009
PP circuit 20:
  Node 0: start=84945893672, end=84960462199
  Node 1: start=84949417046, end=84964995154
  Node 2: start=84912820172, end=84955581337
  Node 3: start=84901627509, end=84956044026
PP circuit 21:
  Node 0: start=86178484671, end=89636684088
  Node 1: start=86189117546, end=89636843352
  Node 2: start=89624320621, end=89629347980
  Node 3: start=89620337909, end=89625559766
PP circuit 22:
  Node 0: start=94661790054, end=94670550304
  Node 1: start=94662091023, end=94671548379
  Node 2: start=93036614527, end=94665812566
  Node 3: start=93032469582, end=94665213834
PP circuit 23:
  Node 0: start=95407978970, end=97261811116
  Node 1: start=95414462472, end=97270620190
  Node 2: start=97241133138, end=97254775188
  Node 3: start=97245121773, end=97259372883
PP circuit 24:
  Node 0: start=99208140439, end=99242550117
  Node 1: start=99217412784, end=99245707929
  Node 2: start=99220332652, end=99234961605
  Node 3: start=99220317018, end=99234714366
PP circuit 25:
  Node 0: start=101191134297, end=101222017500
  Node 1: start=101194540067, end=101222637068
  Node 2: start=101199785303, end=101214891279
  Node 3: start=101195717584, end=101211150779
PP circuit 26:
  Node 0: start=102439268136, end=105884067439
  Node 1: start=102440345056, end=105881547786
  Node 2: start=105869094677, end=105876599540
  Node 3: start=105865132311, end=105870398970
PP circuit 27:
  Node 0: start=110958212695, end=110968751792
  Node 1: start=110958404242, end=110967504947
  Node 2: start=109438503117, end=110966538689
  Node 3: start=109434284365, end=110958764170
PP circuit 28:
  Node 0: start=111706282489, end=113573291628
  Node 1: start=111711261932, end=113565745203
  Node 2: start=113547639427, end=113566181373
  Node 3: start=113539801279, end=113554468205
PP circuit 29:
  Node 0: start=115526912626, end=115555433855
  Node 1: start=115529058240, end=115543395430
  Node 2: start=115532998686, end=115547910906
  Node 3: start=115518548353, end=115534409033
PP circuit 30:
  Node 0: start=117506061126, end=117538378742
  Node 1: start=117504282534, end=117525580768
  Node 2: start=117514628551, end=117530424539
  Node 3: start=117498767637, end=117513853445
PP circuit 31:
  Node 0: start=118756373841, end=122204574563
  Node 1: start=118745871014, end=122203920656
  Node 2: start=122189294465, end=122197415039
  Node 3: start=122185307356, end=122192683555
PP circuit 32:
  Node 0: start=127495035107, end=127503815550
  Node 1: start=127495095142, end=127503463731
  Node 2: start=125912276206, end=127500703235
  Node 3: start=125908760572, end=127497509102
PP circuit 33:
  Node 0: start=128239582287, end=130174325889
  Node 1: start=128239984459, end=130170254435
  Node 2: start=130152075235, end=130167060608
  Node 3: start=130146054632, end=130159196180
PP circuit 34:
  Node 0: start=132120144491, end=132152663933
  Node 1: start=132118769916, end=132146973892
  Node 2: start=132130771639, end=132145516406
  Node 3: start=132121533087, end=132135604975
PP circuit 35:
  Node 0: start=134105481721, end=134133793992
  Node 1: start=134107055940, end=134131089759
  Node 2: start=134110574320, end=134126656584
  Node 3: start=134096482644, end=134121644790
PP circuit 36:
  Node 0: start=135352882911, end=138979718415
  Node 1: start=135354530157, end=138979334609
  Node 2: start=138965457886, end=138972587260
  Node 3: start=138961554256, end=138968050809
PP circuit 37:
  Node 0: start=144235358971, end=144244282581
  Node 1: start=144235944361, end=144246049688
  Node 2: start=142598898551, end=144241093277
  Node 3: start=142594797735, end=144238432795
PP circuit 38:
  Node 0: start=144981676643, end=146901829976
  Node 1: start=144988876861, end=146897206769
  Node 2: start=146879347135, end=146894606647
  Node 3: start=146870591965, end=146885379215
PP circuit 39:
  Node 0: start=148851237425, end=148883524480
  Node 1: start=148846268775, end=148878994000
  Node 2: start=148861476730, end=148876193078
  Node 3: start=148851966737, end=148867974579
PP circuit 40:
  Node 0: start=150837456060, end=150865892038
  Node 1: start=150829512323, end=150854053628
  Node 2: start=150843473287, end=150858652322
  Node 3: start=150827750317, end=150843083718
PP circuit 41:
  Node 0: start=152082710805, end=155781960422
  Node 1: start=152071876483, end=155780819012
  Node 2: start=155768329768, end=155773145095
  Node 3: start=155764438129, end=155769120218
PP circuit 42:
  Node 0: start=160905757315, end=160914921309
  Node 1: start=160906098346, end=160915743960
  Node 2: start=159217900742, end=160912447938
  Node 3: start=159214625747, end=160906815451
PP circuit 43:
  Node 0: start=161651833586, end=163508763236
  Node 1: start=161658130284, end=163516394286
  Node 2: start=163485288150, end=163501225564
  Node 3: start=163491032186, end=163505265231
PP circuit 44:
  Node 0: start=165463422280, end=165491250843
  Node 1: start=165479702810, end=165493901510
  Node 2: start=165466534419, end=165483560372
  Node 3: start=165468441953, end=165483914881
PP circuit 45:
  Node 0: start=167472565291, end=167486912802
  Node 1: start=167495267339, end=167509219313
  Node 2: start=167448484270, end=167481776692
  Node 3: start=167450325648, end=167500933305
PP circuit 46:
  Node 0: start=168705271443, end=172290988503
  Node 1: start=168730514086, end=172289343176
  Node 2: start=172276523762, end=172283140752
  Node 3: start=172272642350, end=172277313848
PP circuit 47:
  Node 0: start=177208332657, end=177218408971
  Node 1: start=177208430467, end=177218280116
  Node 2: start=175625441159, end=177215777302
  Node 3: start=175620855603, end=177210540739
PP circuit 48:
  Node 0: start=177953320396, end=179875715014
  Node 1: start=177953017189, end=179874348347
  Node 2: start=179853862850, end=179868587513
  Node 3: start=179848125177, end=179862345368
PP circuit 49:
  Node 0: start=181823218877, end=181873192443
  Node 1: start=181824654336, end=181869391270
  Node 2: start=181850807369, end=181865351719
  Node 3: start=181843415013, end=181858362344
PP circuit 50:
  Node 0: start=183826075343, end=183854359139
  Node 1: start=183829423408, end=183845483069
  Node 2: start=183832341188, end=183847237710
  Node 3: start=183819303572, end=183836052340
PP circuit 51:
  Node 0: start=185080288960, end=188788416145
  Node 1: start=185072081386, end=188789495489
  Node 2: start=188773682803, end=188780654353
  Node 3: start=188769832504, end=188777750059
PP circuit 52:
  Node 0: start=194036353889, end=194045606886
  Node 1: start=194036850148, end=194046560469
  Node 2: start=192482627561, end=194044043591
  Node 3: start=192455395945, end=194038732542
PP circuit 53:
  Node 0: start=194784297766, end=196704451020
  Node 1: start=194792272138, end=196696212479
  Node 2: start=196676664412, end=196696932660
  Node 3: start=196670528077, end=196685239125
PP circuit 54:
  Node 0: start=198656028628, end=198688775907
  Node 1: start=198648737974, end=198680209296
  Node 2: start=198665326151, end=198681521698
  Node 3: start=198653896782, end=198668677105
PP circuit 55:
  Node 0: start=200640633930, end=200672079708
  Node 1: start=200632465713, end=200661084043
  Node 2: start=200649262542, end=200664768361
  Node 3: start=200634212736, end=200649274897
PP circuit 56:
  Node 0: start=201893708534, end=205639347262
  Node 1: start=201881677160, end=205641008818
  Node 2: start=205626827408, end=205631843403
  Node 3: start=205622981447, end=205630139513
PP circuit 57:
  Node 0: start=210708799307, end=210718482531
  Node 1: start=210709017267, end=210717889447
  Node 2: start=209138260135, end=210716217963
  Node 3: start=209133483935, end=210711775879
PP circuit 58:
  Node 0: start=211456757470, end=213357099702
  Node 1: start=211464460863, end=213359211322
  Node 2: start=213336129837, end=213349635657
  Node 3: start=213332236072, end=213348339024
PP circuit 59:
  Node 0: start=215315055906, end=215347819092
  Node 1: start=215324688828, end=215344562237
  Node 2: start=215323965461, end=215340598410
  Node 3: start=215317014300, end=215333471691
PP circuit 60:
  Node 0: start=217306258168, end=217334236639
  Node 1: start=217312044937, end=217327592593
  Node 2: start=217311606782, end=217326368026
  Node 3: start=217300458449, end=217318987835
PP circuit 61:
  Node 0: start=218557421903, end=222072201526
  Node 1: start=218553040703, end=222072625986
  Node 2: start=222057885483, end=222065126376
  Node 3: start=222054152405, end=222061757896
PP circuit 62:
  Node 0: start=227032904547, end=227042440317
  Node 1: start=227033752787, end=227044535872
  Node 2: start=225490040886, end=227040611673
  Node 3: start=225485993549, end=227036830231
PP circuit 63:
  Node 0: start=227778536049, end=229683157929
  Node 1: start=227778898632, end=229681047446
  Node 2: start=229661339318, end=229676041109
  Node 3: start=229655168205, end=229670129815
PP circuit 64:
  Node 0: start=231634757234, end=231667956873
  Node 1: start=231634518008, end=231666084140
  Node 2: start=231645333551, end=231660664680
  Node 3: start=231636362924, end=231655096667
PP circuit 65:
  Node 0: start=233624180689, end=233649787394
  Node 1: start=233628299737, end=233646486070
  Node 2: start=233628451021, end=233642718701
  Node 3: start=233620258282, end=233635726288
PP circuit 66:
  Node 0: start=234873359291, end=238409215055
  Node 1: start=234874261077, end=238409637004
  Node 2: start=238397114136, end=238402293047
  Node 3: start=238393374373, end=238398802324
PP circuit 67:
  Node 0: start=243733053547, end=243741672934
  Node 1: start=243733832066, end=243743735122
  Node 2: start=242032912614, end=243736907715
  Node 3: start=242029134926, end=243737795603
PP circuit 68:
  Node 0: start=244479933466, end=246395182963
  Node 1: start=244488049322, end=246395063305
  Node 2: start=246373834687, end=246387988187
  Node 3: start=246370586305, end=246384248005
PP circuit 69:
  Node 0: start=248387472898, end=248402241271
  Node 1: start=248376376382, end=248390035081
  Node 2: start=248358305783, end=248397221584
  Node 3: start=248354261691, end=248381266722
PP circuit 70:
  Node 0: start=250356248330, end=250393126127
  Node 1: start=250354481607, end=250441235368
  Node 2: start=250369164736, end=250385213434
  Node 3: start=250414505366, end=250430335841
PP circuit 71:
  Node 0: start=251616023399, end=255414505801
  Node 1: start=251665561597, end=255416129087
  Node 2: start=255400932188, end=255406084250
  Node 3: start=255397268421, end=255405317114
PP circuit 72:
  Node 0: start=260717251527, end=260725810148
  Node 1: start=260717835723, end=260729043835
  Node 2: start=259077103930, end=260721699369
  Node 3: start=259073295704, end=260720807420
PP circuit 73:
  Node 0: start=261464528823, end=263396607693
  Node 1: start=261470621330, end=263394491859
  Node 2: start=263375686232, end=263389561266
  Node 3: start=263369606156, end=263383788688
PP circuit 74:
  Node 0: start=265353769593, end=265381452476
  Node 1: start=265361483197, end=265380059808
  Node 2: start=265360078020, end=265374319934
  Node 3: start=265351838537, end=265369828564
PP circuit 75:
  Node 0: start=267340322673, end=267392251352
  Node 1: start=267345646208, end=267382616255
  Node 2: start=267369449705, end=267384531523
  Node 3: start=267356784632, end=267371849088
PP circuit 76:
  Node 0: start=268613042524, end=272246151282
  Node 1: start=268609145442, end=272246304031
  Node 2: start=272231869468, end=272239035770
  Node 3: start=272228225195, end=272235437726
PP circuit 77:
  Node 0: start=277456218415, end=277465593821
  Node 1: start=277455990028, end=277465160094
  Node 2: start=275823091696, end=277463110835
  Node 3: start=275819030949, end=277457851486
PP circuit 78:
  Node 0: start=278202966088, end=280149434584
  Node 1: start=278201021213, end=280149460170
  Node 2: start=280128677282, end=280142193471
  Node 3: start=280123119150, end=280137924556
PP circuit 79:
  Node 0: start=282101804160, end=282138306983
  Node 1: start=282102173919, end=282131354322
  Node 2: start=282111462242, end=282130678932
  Node 3: start=282105224324, end=282119820335
PP circuit 80:
  Node 0: start=284094923418, end=284140490105
  Node 1: start=284095351948, end=284131069876
  Node 2: start=284118796492, end=284133310411
  Node 3: start=284106282262, end=284120413592
PP circuit 81:
  Node 0: start=285385402984, end=288853696284
  Node 1: start=285379832793, end=288851852641
  Node 2: start=288838946781, end=288846549626
  Node 3: start=288835341431, end=288841246503
PP circuit 82:
  Node 0: start=294108314101, end=294117803311
  Node 1: start=294109179188, end=294118745405
  Node 2: start=292531038315, end=294115058718
  Node 3: start=292526956010, end=294113445105
PP circuit 83:
  Node 0: start=294855601884, end=296773278141
  Node 1: start=294862555965, end=296771655634
  Node 2: start=296750572754, end=296766024807
  Node 3: start=296745169633, end=296760770686
PP circuit 84:
  Node 0: start=298724521580, end=298755627961
  Node 1: start=298721417115, end=298754388168
  Node 2: start=298733557932, end=298748615525
  Node 3: start=298725608716, end=298742781283
PP circuit 85:
  Node 0: start=300711860009, end=300741695105
  Node 1: start=300708209456, end=300735973645
  Node 2: start=300719005044, end=300734352974
  Node 3: start=300709051762, end=300725199009
PP circuit 86:
  Node 0: start=301962090453, end=305524809354
  Node 1: start=301956769451, end=305526388564
  Node 2: start=305510802478, end=305517675275
  Node 3: start=305507241183, end=305515512245
PP circuit 87:
  Node 0: start=310535985391, end=310545118761
  Node 1: start=310536984276, end=310547350976
  Node 2: start=308932961754, end=310541853810
  Node 3: start=308929254209, end=310540245841
PP circuit 88:
  Node 0: start=311283823706, end=313226828747
  Node 1: start=311290310977, end=313219049268
  Node 2: start=313197331502, end=313219172131
  Node 3: start=313191852036, end=313208192849
PP circuit 89:
  Node 0: start=315182651369, end=315212038099
  Node 1: start=315183086815, end=315203486626
  Node 2: start=315189984238, end=315204112039
  Node 3: start=315175289303, end=315192706669
PP circuit 90:
  Node 0: start=317168969245, end=317197360198
  Node 1: start=317169876691, end=317184428542
  Node 2: start=317175796060, end=317190275254
  Node 3: start=317157602908, end=317175818273
PP circuit 91:
  Node 0: start=318420293557, end=322082142577
  Node 1: start=318409459917, end=322082322111
  Node 2: start=322067840756, end=322074620881
  Node 3: start=322064323735, end=322071518218
PP circuit 92:
  Node 0: start=327276199696, end=327285160451
  Node 1: start=327276588977, end=327285787454
  Node 2: start=325702055430, end=327283061690
  Node 3: start=325698490935, end=327280867665
PP circuit 93:
  Node 0: start=328023186360, end=329963866429
  Node 1: start=328022072834, end=329962575120
  Node 2: start=329941111585, end=329956531830
  Node 3: start=329935216241, end=329951355643
PP circuit 94:
  Node 0: start=331949776741, end=331964101914
  Node 1: start=331952513189, end=331967194924
  Node 2: start=331923765229, end=331958912350
  Node 3: start=331916927096, end=331958642276
PP circuit 95:
  Node 0: start=333922010507, end=333974244334
  Node 1: start=333929798255, end=333972362640
  Node 2: start=333950311463, end=333966989247
  Node 3: start=333943246013, end=333961640305
PP circuit 96:
  Node 0: start=335202719221, end=338760594977
  Node 1: start=335204723612, end=338762436978
  Node 2: start=338747172641, end=338752693535
  Node 3: start=338743795699, end=338751674152
PP circuit 97:
  Node 0: start=343915756032, end=343925366682
  Node 1: start=343916624088, end=343926886088
  Node 2: start=342292006302, end=343922786043
  Node 3: start=342288627909, end=343921382974
PP circuit 98:
  Node 0: start=344664025818, end=346590241632
  Node 1: start=344671123024, end=346583057474
  Node 2: start=346561438214, end=346582257980
  Node 3: start=346556044080, end=346571952967
PP circuit 99:
  Node 0: start=348540986087, end=348573155053
  Node 1: start=348535330355, end=348564902242
  Node 2: start=348550119895, end=348565581201
  Node 3: start=348538209111, end=348554094976
PP circuit 100:
  Node 0: start=350527524202, end=350558190620
  Node 1: start=350519635300, end=350544932254
  Node 2: start=350534145661, end=350551093375
  Node 3: start=350518122558, end=350534268968
PP circuit 101:
  Node 0: start=351778221740, end=355408260745
  Node 1: start=351765722981, end=355408495879
  Node 2: start=355392643389, end=355400420090
  Node 3: start=355389310320, end=355397469285
DP Kernels Count for [0, 1]: 21
DP circuit 0 for group [0, 1]:
  Node 0: start=23686333376, end=24449869191
  Node 1: start=23686324139, end=24429265318
DP circuit 1 for group [0, 1]:
  Node 0: start=41341301026, end=44375474142
  Node 1: start=41341080875, end=44224572369
DP circuit 2 for group [0, 1]:
  Node 0: start=58231632518, end=61346214157
  Node 1: start=58233626290, end=61233641411
DP circuit 3 for group [0, 1]:
  Node 0: start=74571487269, end=77720739509
  Node 1: start=74580685435, end=77613868566
DP circuit 4 for group [0, 1]:
  Node 0: start=90875363348, end=93458922162
  Node 1: start=90887075031, end=93500773613
DP circuit 5 for group [0, 1]:
  Node 0: start=107254537161, end=110320118410
  Node 1: start=107253631797, end=110266353346
DP circuit 6 for group [0, 1]:
  Node 0: start=123607578791, end=126748391697
  Node 1: start=123613216310, end=126745580497
DP circuit 7 for group [0, 1]:
  Node 0: start=140358494521, end=143429956522
  Node 1: start=140368854766, end=143366585735
DP circuit 8 for group [0, 1]:
  Node 0: start=157005347665, end=159906916261
  Node 1: start=157004858893, end=159886860638
DP circuit 9 for group [0, 1]:
  Node 0: start=173514234044, end=176932826809
  Node 1: start=173516899819, end=176934187875
DP circuit 10 for group [0, 1]:
  Node 0: start=190175336888, end=192913357384
  Node 1: start=190186332067, end=192919246065
DP circuit 11 for group [0, 1]:
  Node 0: start=207005273601, end=209884016001
  Node 1: start=207008130243, end=209836708472
DP circuit 12 for group [0, 1]:
  Node 0: start=223333226562, end=225896571806
  Node 1: start=223335407882, end=225904951720
DP circuit 13 for group [0, 1]:
  Node 0: start=239784786535, end=242509599870
  Node 1: start=239795410855, end=242517246582
DP circuit 14 for group [0, 1]:
  Node 0: start=256800234310, end=259500756810
  Node 1: start=256804744799, end=259509491025
DP circuit 15 for group [0, 1]:
  Node 0: start=273626535554, end=276240931411
  Node 1: start=273628609718, end=276257795461
DP circuit 16 for group [0, 1]:
  Node 0: start=290276478306, end=292962881962
  Node 1: start=290293715382, end=292958455455
DP circuit 17 for group [0, 1]:
  Node 0: start=306752195661, end=309347411743
  Node 1: start=306756046009, end=309358966823
DP circuit 18 for group [0, 1]:
  Node 0: start=323476966883, end=326606883779
  Node 1: start=323470900733, end=326495264798
DP circuit 19 for group [0, 1]:
  Node 0: start=340084434181, end=342707298840
  Node 1: start=340090017604, end=342719178338
DP circuit 20 for group [0, 1]:
  Node 0: start=356824144219, end=359026785849
  Node 1: start=356824121234, end=359026831741
DP Kernels Count for [2, 3]: 40
DP circuit 0 for group [2, 3]:
  Node 2: start=26503032842, end=27107129439
  Node 3: start=26498994535, end=27119571219
DP circuit 1 for group [2, 3]:
  Node 2: start=37342535952, end=39957826618
  Node 3: start=37350838094, end=39953744160
DP circuit 2 for group [2, 3]:
  Node 2: start=45714042227, end=46672752831
  Node 3: start=45709793210, end=46398943746
DP circuit 3 for group [2, 3]:
  Node 2: start=54255444649, end=56939986310
  Node 3: start=54249385015, end=56935993254
DP circuit 4 for group [2, 3]:
  Node 2: start=62046055306, end=62699675412
  Node 3: start=62041993137, end=62752713705
DP circuit 5 for group [2, 3]:
  Node 2: start=70576312382, end=73208741663
  Node 3: start=70569632953, end=73204739749
DP circuit 6 for group [2, 3]:
  Node 2: start=78312699259, end=79048817463
  Node 3: start=78309077671, end=79040417816
DP circuit 7 for group [2, 3]:
  Node 2: start=86935221714, end=89619622383
  Node 3: start=86931644314, end=89615714100
DP circuit 8 for group [2, 3]:
  Node 2: start=94666368662, end=95572658526
  Node 3: start=94665774923, end=95292954294
DP circuit 9 for group [2, 3]:
  Node 2: start=103191902050, end=105832881788
  Node 3: start=103184465685, end=105828584041
DP circuit 10 for group [2, 3]:
  Node 2: start=110967093921, end=112038110296
  Node 3: start=110959320618, end=111812633964
DP circuit 11 for group [2, 3]:
  Node 2: start=119509667708, end=121673999582
  Node 3: start=119487466045, end=121669996998
DP circuit 12 for group [2, 3]:
  Node 2: start=127501261667, end=128204560061
  Node 3: start=127498069615, end=128189459719
DP circuit 13 for group [2, 3]:
  Node 2: start=136104906266, end=138880303377
  Node 3: start=136096942152, end=138876868346
DP circuit 14 for group [2, 3]:
  Node 2: start=144241651805, end=144969725294
  Node 3: start=144238988348, end=144957584129
DP circuit 15 for group [2, 3]:
  Node 2: start=152855788542, end=155763658536
  Node 3: start=152838360162, end=155759779081
DP circuit 16 for group [2, 3]:
  Node 2: start=160913002626, end=161365482022
  Node 3: start=160907367484, end=161524127846
DP circuit 17 for group [2, 3]:
  Node 2: start=169462158675, end=172271827317
  Node 3: start=169474725113, end=172267919875
DP circuit 18 for group [2, 3]:
  Node 2: start=177216327478, end=177946801348
  Node 3: start=177211096164, end=177934091800
DP circuit 19 for group [2, 3]:
  Node 2: start=185865123084, end=188592634963
  Node 3: start=185848467794, end=188588707365
DP circuit 20 for group [2, 3]:
  Node 2: start=194044593959, end=195147404676
  Node 3: start=194039286112, end=194924734415
DP circuit 21 for group [2, 3]:
  Node 2: start=202646815352, end=205530105776
  Node 3: start=202628100369, end=205526189716
DP circuit 22 for group [2, 3]:
  Node 2: start=210716779531, end=211327700766
  Node 3: start=210712328904, end=211316225476
DP circuit 23 for group [2, 3]:
  Node 2: start=219310377337, end=222053253581
  Node 3: start=219296021990, end=222049525993
DP circuit 24 for group [2, 3]:
  Node 2: start=227041166713, end=228255947769
  Node 3: start=227037393049, end=227972872285
DP circuit 25 for group [2, 3]:
  Node 2: start=235663493923, end=237749381190
  Node 3: start=235649068130, end=237745562519
DP circuit 26 for group [2, 3]:
  Node 2: start=243737463139, end=244301251566
  Node 3: start=243738357108, end=244355458101
DP circuit 27 for group [2, 3]:
  Node 2: start=252365968798, end=255266780296
  Node 3: start=252405455022, end=255263278499
DP circuit 28 for group [2, 3]:
  Node 2: start=260722252584, end=261401710743
  Node 3: start=260721366845, end=261393881929
DP circuit 29 for group [2, 3]:
  Node 2: start=269366582338, end=272109659427
  Node 3: start=269353341746, end=272105934759
DP circuit 30 for group [2, 3]:
  Node 2: start=277463673523, end=278222275073
  Node 3: start=277458408960, end=278207145509
DP circuit 31 for group [2, 3]:
  Node 2: start=286155213157, end=288292113991
  Node 3: start=286140204124, end=288288607480
DP circuit 32 for group [2, 3]:
  Node 2: start=294115610974, end=294892015707
  Node 3: start=294113999699, end=294890881432
DP circuit 33 for group [2, 3]:
  Node 2: start=302715115384, end=305506193840
  Node 3: start=302701654053, end=305502643218
DP circuit 34 for group [2, 3]:
  Node 2: start=310542405810, end=311401893064
  Node 3: start=310540800307, end=311349335953
DP circuit 35 for group [2, 3]:
  Node 2: start=319176303409, end=322001243502
  Node 3: start=319158137665, end=321997675048
DP circuit 36 for group [2, 3]:
  Node 2: start=327283617114, end=328309666243
  Node 3: start=327281419762, end=328308138205
DP circuit 37 for group [2, 3]:
  Node 2: start=335967399302, end=338742583713
  Node 3: start=335959114196, end=338739225901
DP circuit 38 for group [2, 3]:
  Node 2: start=343923344507, end=344763202298
  Node 3: start=343921938720, end=344813648907
DP circuit 39 for group [2, 3]:
  Node 2: start=352534083391, end=354698522667
  Node 3: start=352514209083, end=354695212559
Global circuit windows written to /global/homes/c/co232/ReCCL-workspace/torchtitan/windows/nsys/cuda/traces/rail0_circuit.csv
